
Sep 18, 2020 21:54:27.19 NEW SESSION
Sep 18, 2020 21:54:27.19 [9396:5504:0918/215427.153:ERROR:connection_factory_impl.cc(428)] Failed to connect to MCS endpoint with error -106
Sep 18, 2020 21:54:49.34 [9396:5504:0918/215449.342:ERROR:connection_factory_impl.cc(428)] Failed to connect to MCS endpoint with error -106
Sep 18, 2020 21:55:30.60 [9396:5504:0918/215530.607:ERROR:connection_factory_impl.cc(428)] Failed to connect to MCS endpoint with error -106
Sep 18, 2020 21:57:04.52 [9396:5504:0918/215704.523:ERROR:connection_factory_impl.cc(428)] Failed to connect to MCS endpoint with error -106
Sep 18, 2020 22:00:43.48 [9396:5504:0918/220043.486:ERROR:connection_factory_impl.cc(428)] Failed to connect to MCS endpoint with error -106
Sep 18, 2020 22:07:01.57 [9396:5504:0918/220701.579:ERROR:connection_factory_impl.cc(428)] Failed to connect to MCS endpoint with error -106
Sep 18, 2020 22:17:01.58 [9396:5504:0918/221701.586:ERROR:connection_factory_impl.cc(428)] Failed to connect to MCS endpoint with error -106
Sep 18, 2020 22:27:01.59 [9396:5504:0918/222701.594:ERROR:connection_factory_impl.cc(428)] Failed to connect to MCS endpoint with error -106
Sep 18, 2020 22:37:01.60 [9396:5504:0918/223701.605:ERROR:connection_factory_impl.cc(428)] Failed to connect to MCS endpoint with error -106
Sep 18, 2020 22:47:01.62 [9396:5504:0918/224701.621:ERROR:connection_factory_impl.cc(428)] Failed to connect to MCS endpoint with error -106
Sep 18, 2020 22:57:01.63 [9396:5504:0918/225701.631:ERROR:connection_factory_impl.cc(428)] Failed to connect to MCS endpoint with error -106
Sep 18, 2020 23:07:01.63 [9396:5504:0918/230701.638:ERROR:connection_factory_impl.cc(428)] Failed to connect to MCS endpoint with error -106
Sep 18, 2020 23:17:01.65 [9396:5504:0918/231701.655:ERROR:connection_factory_impl.cc(428)] Failed to connect to MCS endpoint with error -106
Sep 18, 2020 23:27:01.66 [9396:5504:0918/232701.664:ERROR:connection_factory_impl.cc(428)] Failed to connect to MCS endpoint with error -106
Sep 18, 2020 23:33:58.28 [9396:11140:0918/233358.287:ERROR:account_info_fetcher.cc(60)] OnGetTokenFailure: Connection failed (-106).
Sep 18, 2020 23:37:01.67 [9396:5504:0918/233701.670:ERROR:connection_factory_impl.cc(428)] Failed to connect to MCS endpoint with error -106
Sep 18, 2020 23:47:01.68 [9396:5504:0918/234701.680:ERROR:connection_factory_impl.cc(428)] Failed to connect to MCS endpoint with error -106
Sep 18, 2020 23:57:01.68 [9396:5504:0918/235701.683:ERROR:connection_factory_impl.cc(428)] Failed to connect to MCS endpoint with error -106
Sep 19, 2020 24:07:01.69 [9396:5504:0919/000701.693:ERROR:connection_factory_impl.cc(428)] Failed to connect to MCS endpoint with error -106
Sep 19, 2020 24:17:01.70 [9396:5504:0919/001701.702:ERROR:connection_factory_impl.cc(428)] Failed to connect to MCS endpoint with error -106
Sep 19, 2020 24:27:01.71 [9396:5504:0919/002701.716:ERROR:connection_factory_impl.cc(428)] Failed to connect to MCS endpoint with error -106
Sep 19, 2020 24:37:01.72 [9396:5504:0919/003701.727:ERROR:connection_factory_impl.cc(428)] Failed to connect to MCS endpoint with error -106
Sep 19, 2020 24:47:01.73 [9396:5504:0919/004701.735:ERROR:connection_factory_impl.cc(428)] Failed to connect to MCS endpoint with error -106
Sep 19, 2020 24:57:01.74 [9396:5504:0919/005701.741:ERROR:connection_factory_impl.cc(428)] Failed to connect to MCS endpoint with error -106
Sep 19, 2020 01:07:01.75 [9396:5504:0919/010701.755:ERROR:connection_factory_impl.cc(428)] Failed to connect to MCS endpoint with error -106
Sep 19, 2020 01:17:01.76 [9396:5504:0919/011701.769:ERROR:connection_factory_impl.cc(428)] Failed to connect to MCS endpoint with error -106
Sep 19, 2020 01:27:01.78 [9396:5504:0919/012701.784:ERROR:connection_factory_impl.cc(428)] Failed to connect to MCS endpoint with error -106
Sep 19, 2020 01:37:01.79 [9396:5504:0919/013701.796:ERROR:connection_factory_impl.cc(428)] Failed to connect to MCS endpoint with error -106
Sep 19, 2020 01:47:01.81 [9396:5504:0919/014701.813:ERROR:connection_factory_impl.cc(428)] Failed to connect to MCS endpoint with error -106
Sep 19, 2020 01:57:01.82 [9396:5504:0919/015701.821:ERROR:connection_factory_impl.cc(428)] Failed to connect to MCS endpoint with error -106

Oct 21, 2020 18:14:08.35 NEW SESSION
Oct 21, 2020 18:14:08.35 [4404:5900:1021/181408.318:ERROR:connection_factory_impl.cc(428)] Failed to connect to MCS endpoint with error -106
Oct 21, 2020 18:14:08.42 [4404:5900:1021/181408.318:ERROR:registration_request.cc(246)] Registration URL fetching failed.
Oct 21, 2020 18:14:08.42 [4404:5900:1021/181408.319:ERROR:registration_request.cc(246)] Registration URL fetching failed.
Oct 21, 2020 18:14:08.42 [4404:5900:1021/181408.320:ERROR:registration_request.cc(246)] Registration URL fetching failed.
Oct 21, 2020 18:14:30.57 [4404:5900:1021/181430.569:ERROR:connection_factory_impl.cc(428)] Failed to connect to MCS endpoint with error -106
Oct 21, 2020 18:14:30.81 [4404:5900:1021/181430.819:ERROR:registration_request.cc(246)] Registration URL fetching failed.
Oct 21, 2020 18:14:32.77 [4404:5900:1021/181432.778:ERROR:registration_request.cc(246)] Registration URL fetching failed.
Oct 21, 2020 18:14:34.28 [4404:5900:1021/181434.281:ERROR:registration_request.cc(246)] Registration URL fetching failed.
Oct 21, 2020 18:15:13.64 [4404:5900:1021/181513.648:ERROR:connection_factory_impl.cc(428)] Failed to connect to MCS endpoint with error -106
Oct 21, 2020 18:15:14.42 [4404:5900:1021/181514.426:ERROR:registration_request.cc(246)] Registration URL fetching failed.
Oct 21, 2020 18:15:25.26 [4404:5900:1021/181525.266:ERROR:registration_request.cc(246)] Registration URL fetching failed.
Oct 21, 2020 18:15:31.74 [4404:5900:1021/181531.748:ERROR:registration_request.cc(246)] Registration URL fetching failed.
Oct 21, 2020 18:16:44.32 [4404:5900:1021/181644.329:ERROR:registration_request.cc(246)] Registration URL fetching failed.
Oct 21, 2020 18:16:44.53 [4404:5900:1021/181644.537:ERROR:connection_factory_impl.cc(428)] Failed to connect to MCS endpoint with error -106
Oct 21, 2020 18:17:10.27 [4404:5900:1021/181710.276:ERROR:registration_request.cc(246)] Registration URL fetching failed.
Oct 21, 2020 18:17:21.95 [4404:5900:1021/181721.957:ERROR:registration_request.cc(246)] Registration URL fetching failed.
Oct 21, 2020 18:19:29.38 [4404:5900:1021/181929.388:ERROR:connection_factory_impl.cc(428)] Failed to connect to MCS endpoint with error -106
Oct 21, 2020 18:19:58.18 [4404:5900:1021/181958.183:ERROR:registration_request.cc(246)] Registration URL fetching failed.
Oct 21, 2020 18:20:19.07 [4404:5900:1021/182019.073:ERROR:registration_request.cc(246)] Registration URL fetching failed.
Oct 21, 2020 18:20:48.56 [4404:5900:1021/182048.562:ERROR:registration_request.cc(246)] Registration URL fetching failed.
Oct 21, 2020 18:24:04.17 [1021/182404.173:ERROR:directory_reader_win.cc(43)] FindFirstFile: The system cannot find the path specified. (0x3)
Oct 21, 2020 18:26:06.83 [4404:5900:1021/182606.838:ERROR:connection_factory_impl.cc(428)] Failed to connect to MCS endpoint with error -106
Oct 21, 2020 18:26:56.54 [4404:5900:1021/182656.546:ERROR:registration_request.cc(246)] Registration URL fetching failed.
Oct 21, 2020 18:26:57.22 [4404:5900:1021/182657.220:ERROR:registration_request.cc(246)] Registration URL fetching failed.
Oct 21, 2020 18:27:19.44 [4404:5900:1021/182719.443:ERROR:registration_request.cc(246)] Registration URL fetching failed.

Oct 26, 2020 08:18:47.10 NEW SESSION
Oct 26, 2020 08:18:47.17 [960:2556:1026/081847.086:ERROR:connection_factory_impl.cc(428)] Failed to connect to MCS endpoint with error -106
Oct 26, 2020 08:19:08.30 [960:6408:1026/081908.299:ERROR:account_info_fetcher.cc(60)] OnGetTokenFailure: Connection failed (-106).
Oct 26, 2020 08:19:09.02 [960:6408:1026/081909.029:ERROR:account_info_fetcher.cc(60)] OnGetTokenFailure: Connection failed (-106).
Oct 26, 2020 08:19:13.02 [960:2556:1026/081913.027:ERROR:connection_factory_impl.cc(428)] Failed to connect to MCS endpoint with error -106
Oct 26, 2020 08:20:12.74 [960:2556:1026/082012.744:ERROR:connection_factory_impl.cc(428)] Failed to connect to MCS endpoint with error -106
Oct 26, 2020 08:22:10.04 [960:2556:1026/082210.046:ERROR:connection_factory_impl.cc(428)] Failed to connect to MCS endpoint with error -106
Oct 26, 2020 08:25:49.78 [960:2556:1026/082549.781:ERROR:connection_factory_impl.cc(428)] Failed to connect to MCS endpoint with error -106
Oct 26, 2020 08:28:30.53 [1026/082830.538:ERROR:directory_reader_win.cc(43)] FindFirstFile: The system cannot find the path specified. (0x3)
Oct 26, 2020 08:33:37.05 [960:2556:1026/083337.058:ERROR:connection_factory_impl.cc(428)] Failed to connect to MCS endpoint with error -106

Nov 07, 2020 17:18:53.68 NEW SESSION
Nov 07, 2020 17:18:53.68 [17680:6772:1107/171853.654:ERROR:connection_factory_impl.cc(428)] Failed to connect to MCS endpoint with error -106
Nov 07, 2020 17:19:16.14 [17680:6772:1107/171916.145:ERROR:connection_factory_impl.cc(428)] Failed to connect to MCS endpoint with error -106
Nov 07, 2020 17:20:10.26 [17680:6772:1107/172010.261:ERROR:connection_factory_impl.cc(428)] Failed to connect to MCS endpoint with error -106
Nov 07, 2020 17:21:54.52 [17680:6772:1107/172154.521:ERROR:connection_factory_impl.cc(428)] Failed to connect to MCS endpoint with error -106
Nov 07, 2020 17:25:24.62 [17680:6772:1107/172524.623:ERROR:connection_factory_impl.cc(428)] Failed to connect to MCS endpoint with error -106
Nov 07, 2020 17:28:04.59 [17680:16584:1107/172804.592:ERROR:account_info_fetcher.cc(60)] OnGetTokenFailure: Connection failed (-106).
Nov 07, 2020 17:28:12.73 [1107/172812.692:ERROR:directory_reader_win.cc(43)] FindFirstFile: The system cannot find the path specified. (0x3)
Nov 07, 2020 17:31:27.01 [17680:6772:1107/173127.012:ERROR:connection_factory_impl.cc(428)] Failed to connect to MCS endpoint with error -106
Nov 07, 2020 17:41:27.01 [17680:6772:1107/174127.015:ERROR:connection_factory_impl.cc(428)] Failed to connect to MCS endpoint with error -106
Nov 07, 2020 17:51:27.02 [17680:6772:1107/175127.019:ERROR:connection_factory_impl.cc(428)] Failed to connect to MCS endpoint with error -106
Nov 07, 2020 18:01:27.02 [17680:6772:1107/180127.023:ERROR:connection_factory_impl.cc(428)] Failed to connect to MCS endpoint with error -106

Nov 12, 2020 20:15:11.89 NEW SESSION
Nov 12, 2020 20:15:11.89 [14380:17808:1112/201511.839:ERROR:connection_factory_impl.cc(428)] Failed to connect to MCS endpoint with error -106
Nov 12, 2020 20:15:34.12 [14380:17808:1112/201534.127:ERROR:connection_factory_impl.cc(428)] Failed to connect to MCS endpoint with error -106
Nov 12, 2020 20:16:17.88 [14380:17808:1112/201617.881:ERROR:connection_factory_impl.cc(428)] Failed to connect to MCS endpoint with error -106
Nov 12, 2020 20:17:59.05 [14380:17808:1112/201759.050:ERROR:connection_factory_impl.cc(428)] Failed to connect to MCS endpoint with error -106
Nov 12, 2020 20:20:54.64 [14380:17808:1112/202054.644:ERROR:connection_factory_impl.cc(428)] Failed to connect to MCS endpoint with error -106
Nov 12, 2020 20:24:30.72 [1112/202430.727:ERROR:directory_reader_win.cc(43)] FindFirstFile: The system cannot find the path specified. (0x3)
Nov 12, 2020 20:26:24.80 [14380:17808:1112/202624.806:ERROR:connection_factory_impl.cc(428)] Failed to connect to MCS endpoint with error -106
Nov 12, 2020 20:36:24.81 [14380:17808:1112/203624.817:ERROR:connection_factory_impl.cc(428)] Failed to connect to MCS endpoint with error -106
Nov 12, 2020 20:46:24.82 [14380:17808:1112/204624.825:ERROR:connection_factory_impl.cc(428)] Failed to connect to MCS endpoint with error -106
Nov 12, 2020 20:56:24.83 [14380:17808:1112/205624.831:ERROR:connection_factory_impl.cc(428)] Failed to connect to MCS endpoint with error -106
Nov 12, 2020 21:06:24.83 [14380:17808:1112/210624.834:ERROR:connection_factory_impl.cc(428)] Failed to connect to MCS endpoint with error -106
Nov 12, 2020 21:16:24.84 [14380:17808:1112/211624.839:ERROR:connection_factory_impl.cc(428)] Failed to connect to MCS endpoint with error -106
Nov 12, 2020 21:26:24.84 [14380:17808:1112/212624.841:ERROR:connection_factory_impl.cc(428)] Failed to connect to MCS endpoint with error -106
Nov 12, 2020 22:04:17.78 [14380:17808:1112/220417.788:ERROR:connection_factory_impl.cc(428)] Failed to connect to MCS endpoint with error -106
Nov 12, 2020 22:14:17.79 [14380:17808:1112/221417.791:ERROR:connection_factory_impl.cc(428)] Failed to connect to MCS endpoint with error -106
Nov 12, 2020 22:24:17.79 [14380:17808:1112/222417.793:ERROR:connection_factory_impl.cc(428)] Failed to connect to MCS endpoint with error -106

Dec 10, 2020 11:37:01.41 NEW SESSION
Dec 10, 2020 11:37:01.41 [10792:6212:1210/113701.371:ERROR:device_event_log_impl.cc(211)] [11:37:01.371] USB: usb_device_handle_win.cc:1020 Failed to read descriptor from node connection: A device attached to the system is not functioning. (0x1F)
Dec 10, 2020 11:37:01.70 [10792:13852:1210/113701.699:ERROR:connection_factory_impl.cc(428)] Failed to connect to MCS endpoint with error -106
Dec 10, 2020 11:37:31.38 [10792:13852:1210/113731.388:ERROR:connection_factory_impl.cc(428)] Failed to connect to MCS endpoint with error -106
Dec 10, 2020 11:38:13.00 [10792:13852:1210/113813.003:ERROR:connection_factory_impl.cc(428)] Failed to connect to MCS endpoint with error -106
Dec 10, 2020 11:40:07.82 [10792:13852:1210/114007.823:ERROR:connection_factory_impl.cc(428)] Failed to connect to MCS endpoint with error -106
Dec 10, 2020 11:43:36.56 [10792:13852:1210/114336.562:ERROR:connection_factory_impl.cc(428)] Failed to connect to MCS endpoint with error -106
Dec 10, 2020 11:46:40.22 [1210/114640.219:ERROR:directory_reader_win.cc(43)] FindFirstFile: The system cannot find the path specified. (0x3)
Dec 10, 2020 11:51:22.35 [10792:13852:1210/115122.350:ERROR:connection_factory_impl.cc(428)] Failed to connect to MCS endpoint with error -106
Dec 10, 2020 12:01:22.35 [10792:13852:1210/120122.355:ERROR:connection_factory_impl.cc(428)] Failed to connect to MCS endpoint with error -106

Feb 28, 2021 07:53:08.26 NEW SESSION
Feb 28, 2021 07:53:08.27 [8612:4864:0228/075308.239:ERROR:device_event_log_impl.cc(211)] [07:53:08.239] USB: usb_device_handle_win.cc:1049 Failed to read descriptor from node connection: A device attached to the system is not functioning. (0x1F)

Jun 26, 2021 12:18:51.71 NEW SESSION
Jun 26, 2021 12:18:51.71 [10052:8652:0626/121851.554:ERROR:device_event_log_impl.cc(214)] [12:18:51.554] USB: usb_device_handle_win.cc:1058 Failed to read descriptor from node connection: A device attached to the system is not functioning. (0x1F)
Jun 26, 2021 17:11:49.24 [10052:14916:0626/171145.849:ERROR:connection_factory_impl.cc(429)] Failed to connect to MCS endpoint with error -106
Jun 27, 2021 11:38:15.55 [10052:14916:0627/113815.550:ERROR:connection_factory_impl.cc(429)] Failed to connect to MCS endpoint with error -106
Jun 27, 2021 11:38:24.64 [10052:9740:0627/113824.642:ERROR:get_updates_processor.cc(255)] PostClientToServerMessage() failed during GetUpdates with error 2
Jun 27, 2021 11:38:32.47 [10052:14916:0627/113832.471:ERROR:connection_factory_impl.cc(429)] Failed to connect to MCS endpoint with error -106
Jun 27, 2021 11:39:39.65 [10052:12380:0627/113939.650:ERROR:get_updates_processor.cc(255)] PostClientToServerMessage() failed during GetUpdates with error 2
Jun 27, 2021 11:39:59.02 [10052:14916:0627/113959.028:ERROR:connection_factory_impl.cc(429)] Failed to connect to MCS endpoint with error -106
Jun 27, 2021 11:41:56.08 [10052:12380:0627/114156.088:ERROR:get_updates_processor.cc(255)] PostClientToServerMessage() failed during GetUpdates with error 2
